<!DOCTYPE html PUBLIC "-//W3C//DTD XHTML 1.1//EN" "http://www.w3.org/TR/xhtml11/DTD/xhtml11.dtd">
<html xmlns="http://www.w3.org/1999/xhtml">
<head>
<title>TestNG Report</title>
<style type="text/css">
table {margin-bottom:10px;border-collapse:collapse;empty-cells:show}
td,th {border:1px solid #009;padding:.25em .5em}
.result th {vertical-align:bottom}
.param th {padding-left:1em;padding-right:1em}
.param td {padding-left:.5em;padding-right:2em}
.stripe td,.stripe th {background-color: #E6EBF9}
.numi,.numi_attn {text-align:right}
.total td {font-weight:bold}
.passedodd td {background-color: #0A0}
.passedeven td {background-color: #3F3}
.skippedodd td {background-color: #CCC}
.skippedodd td {background-color: #DDD}
.failedodd td,.numi_attn {background-color: #FF3C33}
.failedeven td,.stripe .numi_attn {background-color: #FF3C33}
.stacktrace {white-space:pre;font-family:monospace}
.totop {font-size:85%;text-align:center;border-bottom:2px solid #000}
</style>
<script type='text/javascript' src='https://www.google.com/jsapi'></script>
<script type='text/javascript'>function drawChart () {    var data = new google.visualization.DataTable();    data.addColumn('string', 'Name');    data.addColumn('number', 'Value');    data.addRows([        ['Passed', 3],        ['Failed', 2],['Skipped', 0]    ]);        var total = google.visualization.data.group(data, [{        type: 'boolean',        column: 0,        modifier: function () {return true;}    }], [{        type: 'number',        column: 1,        aggregation: google.visualization.data.sum    }]);        data.addRow(['Total: ' + total.getValue(0, 1), 0]);        var chart = new google.visualization.PieChart(document.querySelector('#chart_div'));    chart.draw(data, {        height: 250,        width: 350,        sliceVisibilityThreshold: 0    });}google.load('visualization', '1', {packages:['corechart'], callback: drawChart});</script>
</head>
<body style='border-style: double;margin-right: 70px;margin-bottom: 10px;margin-left: 70px;margin:margin: 100px 150px 100px 80px;'>
<center><br/><br/><img src='Sonata_Software_Logo.png' width='90' height='60'></img><h1>Sonata SDCP Services TestReport</h1><h2>SDCP Rest Services Automation Report--10/11/2017</h2>
<hr style='height:5;width:90%;border-top: solid blue;'></hr>
<div id='chart_div'></div>
<h3 style='color:blue;'>TestSuites Summary </h3>
<table cellspacing="0" cellpadding="0" class="testOverview"  bgcolor='#F0F3F4'>
<tr bgcolor='#DA70D6'><th>TestSuite</th><th># passed</th><th># skipped</th><th># failed</th><th>Start<br/>Time</th><th>End<br/>Time</th><th>Total<br/>Time(hh:mm:ss)</th></tr>
<tr><th colspan="10">Rest testing</th></tr>
<tr><td style="text-align:left;padding-right:2em"><a href="#t1" title='Click for More Details' ><b>UserLogin_Services</b></a></td><td class="numi">3</td><td class="numi">0</td><td class="numi_attn">2</td><td class="numi">11:00:16</td><td class="numi">11:00:18</td><td class="numi">00:00:01</td></tr>
</table>
<h3 style='color:blue;'>Test Cases Details Summary</h3>
<table cellspacing="0" cellpadding="0" class="methodOverview" id="summary"  bgcolor='#F0F3F4'>
<tr bgcolor='#DA70D6'><th>TestClass</th><th>Method</th><th style="width:10%"'>Exception</th><th>Start Time </th><th>Time<br/>(hh:mm:ss)</th></tr>
<tr><th colspan="5">Rest testing</th></tr>
<tr id="t1"><th colspan="5">UserLogin_Services &#8212; failed</th></tr>
<tr class="failedodd"><td rowspan="2">com.sonata.restautomate.services.test.SDCP_B2C_User_Operations_Tests</td><td><a href="#m1" title='Click for More Details'><b>testResponseTime</b>  </a></td><td class="numi" style="text-align:left;padding-right:2em;width:30%">java.lang.AssertionError: 1 expectation failed.<br/></td><td style="text-align:right">11:00:16</td><td class="numi">00:00:01</td></tr><tr class="failedodd"><td><a href="#m2" title='Click for More Details'><b>verifyUserLoginServiceResponseBodyMultipleData</b>  </a></td><td class="numi" style="text-align:left;padding-right:2em;width:30%">java.lang.AssertionError: 1 expectation failed.<br/></td><td style="text-align:right">11:00:17</td><td class="numi">00:00:01</td></tr>
<tr><th colspan="5">UserLogin_Services &#8212; passed</th></tr>
<tr class="passedodd"><td rowspan="3">com.sonata.restautomate.services.test.SDCP_B2C_User_Operations_Tests</td><td><b>verifyUserLoginServiceResponseBodySingleData</b>  </td><td class="numi" style="text-align:left;padding-right:2em;width:30%"><br/></td><td style="text-align:right">11:00:18</td><td class="numi">00:00:00</td></tr><tr class="passedodd"><td><b>verifyUserLoginServiceResponseCode</b>  </td><td class="numi" style="text-align:left;padding-right:2em;width:30%"><br/></td><td style="text-align:right">11:00:18</td><td class="numi">00:00:00</td></tr><tr class="passedodd"><td><b>verifyUserLoginServiceResponseData</b>  </td><td class="numi" style="text-align:left;padding-right:2em;width:30%"><br/></td><td style="text-align:right">11:00:18</td><td class="numi">00:00:00</td></tr>
</table>
<h3 style='color:blue;'>Test Cases Complete Details </h3>
</center>
<h2 id="m1">com.sonata.restautomate.services.test.SDCP_B2C_User_Operations_Tests:testResponseTime</h2>
<div>
<div class="stacktrace">java.lang.AssertionError: 1 expectation failed.
Expected response time was not a value less than &lt;100L&gt; milliseconds, was 481 milliseconds (481 milliseconds).
	at org.codehaus.groovy.runtime.callsite.ConstructorSite$ConstructorSiteNoUnwrap.callConstructor(ConstructorSite.java:81)
	at org.codehaus.groovy.runtime.callsite.CallSiteArray.defaultCallConstructor(CallSiteArray.java:57)
	at org.codehaus.groovy.runtime.callsite.AbstractCallSite.callConstructor(AbstractCallSite.java:232)
	at org.codehaus.groovy.runtime.callsite.AbstractCallSite.callConstructor(AbstractCallSite.java:244)
	at com.jayway.restassured.internal.ResponseSpecificationImpl$HamcrestAssertionClosure.validate(ResponseSpecificationImpl.groovy:598)
	at com.jayway.restassured.internal.ResponseSpecificationImpl$HamcrestAssertionClosure$validate$1.call(Unknown Source)
	at org.codehaus.groovy.runtime.callsite.CallSiteArray.defaultCall(CallSiteArray.java:45)
	at org.codehaus.groovy.runtime.callsite.AbstractCallSite.call(AbstractCallSite.java:110)
	at org.codehaus.groovy.runtime.callsite.AbstractCallSite.call(AbstractCallSite.java:122)
	at com.jayway.restassured.internal.ResponseSpecificationImpl.validateResponseIfRequired(ResponseSpecificationImpl.groovy:760)
	at org.codehaus.groovy.runtime.callsite.PogoMetaMethodSite$PogoCachedMethodSiteNoUnwrapNoCoerce.invoke(PogoMetaMethodSite.java:207)
	at org.codehaus.groovy.runtime.callsite.PogoMetaMethodSite.callCurrent(PogoMetaMethodSite.java:56)
	at org.codehaus.groovy.runtime.callsite.CallSiteArray.defaultCallCurrent(CallSiteArray.java:49)
	at org.codehaus.groovy.runtime.callsite.AbstractCallSite.callCurrent(AbstractCallSite.java:151)
	at org.codehaus.groovy.runtime.callsite.AbstractCallSite.callCurrent(AbstractCallSite.java:163)
	at com.jayway.restassured.internal.ResponseSpecificationImpl.time(ResponseSpecificationImpl.groovy:112)
	at com.jayway.restassured.internal.ValidatableResponseOptionsImpl.time(ValidatableResponseOptionsImpl.java:428)
	at com.jayway.restassured.internal.ValidatableResponseOptionsImpl.time(ValidatableResponseOptionsImpl.java:424)
	at com.sonata.restautomate.framework.RestUtils.getRestServiceResponseTime(Unknown Source)
	at com.sonata.restautomate.services.test.SDCP_B2C_User_Operations_Tests.testResponseTime(Unknown Source)
... Removed 33 stack frames</div>
</div>
<p class="totop"><a href="#summary">back to summary</a></p>
<h2 id="m2">com.sonata.restautomate.services.test.SDCP_B2C_User_Operations_Tests:verifyUserLoginServiceResponseBodyMultipleData</h2>
<div>
<div class="stacktrace">java.lang.AssertionError: 1 expectation failed.
JSON path responseList doesn&apos;t match.
Expected: Pass
  Actual: null

	at org.codehaus.groovy.runtime.callsite.ConstructorSite$ConstructorSiteNoUnwrap.callConstructor(ConstructorSite.java:81)
	at org.codehaus.groovy.runtime.callsite.AbstractCallSite.callConstructor(AbstractCallSite.java:244)
	at com.jayway.restassured.internal.ResponseSpecificationImpl$HamcrestAssertionClosure.validate(ResponseSpecificationImpl.groovy:598)
	at com.jayway.restassured.internal.ResponseSpecificationImpl$HamcrestAssertionClosure$validate$1.call(Unknown Source)
	at com.jayway.restassured.internal.RequestSpecificationImpl.applyPathParamsAndSendRequest(RequestSpecificationImpl.groovy:1597)
	at groovy.lang.MetaMethod.doMethodInvoke(MetaMethod.java:324)
	at groovy.lang.MetaClassImpl.invokeMethod(MetaClassImpl.java:1207)
	at groovy.lang.MetaClassImpl.invokeMethod(MetaClassImpl.java:1016)
	at groovy.lang.MetaClassImpl.invokeMethod(MetaClassImpl.java:807)
	at com.jayway.restassured.internal.RequestSpecificationImpl.invokeMethod(RequestSpecificationImpl.groovy)
	at org.codehaus.groovy.runtime.callsite.PogoInterceptableSite.call(PogoInterceptableSite.java:45)
	at org.codehaus.groovy.runtime.callsite.PogoInterceptableSite.callCurrent(PogoInterceptableSite.java:55)
	at org.codehaus.groovy.runtime.callsite.AbstractCallSite.callCurrent(AbstractCallSite.java:179)
	at com.jayway.restassured.internal.RequestSpecificationImpl.post(RequestSpecificationImpl.groovy:164)
	at com.jayway.restassured.internal.RequestSpecificationImpl.post(RequestSpecificationImpl.groovy)
	at groovy.lang.MetaMethod.doMethodInvoke(MetaMethod.java:324)
	at groovy.lang.MetaClassImpl.invokeMethod(MetaClassImpl.java:1207)
	at groovy.lang.MetaClassImpl.invokeMethod(MetaClassImpl.java:1016)
	at groovy.lang.MetaClassImpl.invokeMethod(MetaClassImpl.java:807)
	at com.jayway.restassured.internal.RequestSpecificationImpl.invokeMethod(RequestSpecificationImpl.groovy)
	at org.codehaus.groovy.runtime.callsite.PogoInterceptableSite.call(PogoInterceptableSite.java:45)
	at org.codehaus.groovy.runtime.callsite.AbstractCallSite.call(AbstractCallSite.java:130)
	at com.jayway.restassured.internal.ResponseSpecificationImpl.post(ResponseSpecificationImpl.groovy:293)
	at com.jayway.restassured.internal.ResponseSpecificationImpl.post(ResponseSpecificationImpl.groovy)
	at com.sonata.restautomate.framework.RestUtils.verifyResponseData(Unknown Source)
	at com.sonata.restautomate.services.test.SDCP_B2C_User_Operations_Tests.verifyUserLoginServiceResponseBodyMultipleData(Unknown Source)
... Removed 39 stack frames</div>
</div>
<p class="totop"><a href="#summary">back to summary</a></p>
<center><b>RestAutomate @ CopyRights</b> </center>
</body></html>
